2024-03-14 15:04:28.333  INFO 12064 --- [main] (system) o.c.backend.BackendApplicationTests      : Starting BackendApplicationTests using Java 17.0.9 with PID 12064 (started by ChangxueDeng in C:\Users\ChangxueDeng\Code\Java\Projects\CampusForum\backend)
2024-03-14 15:04:28.335  INFO 12064 --- [main] (system) o.c.backend.BackendApplicationTests      : The following 1 profile is active: "dev"
2024-03-14 15:04:29.892  INFO 12064 --- [main] (system) .s.d.r.c.RepositoryConfigurationDelegate : Multiple Spring Data modules found, entering strict repository configuration mode
2024-03-14 15:04:29.898  INFO 12064 --- [main] (system) .s.d.r.c.RepositoryConfigurationDelegate : Bootstrapping Spring Data Redis repositories in DEFAULT mode.
2024-03-14 15:04:29.972  INFO 12064 --- [main] (system) .s.d.r.c.RepositoryConfigurationDelegate : Finished Spring Data repository scanning in 15 ms. Found 0 Redis repository interfaces.
2024-03-14 15:04:32.695  INFO 12064 --- [main] (system) o.s.s.web.DefaultSecurityFilterChain     : Will secure any request with [org.springframework.security.web.session.DisableEncodeUrlFilter@2f112ade, org.springframework.security.web.context.request.async.WebAsyncManagerIntegrationFilter@3c82bac3, org.springframework.security.web.context.SecurityContextHolderFilter@3c68e82, org.springframework.security.web.header.HeaderWriterFilter@74a03bd5, org.springframework.web.filter.CorsFilter@3ddac0b6, org.springframework.security.web.authentication.logout.LogoutFilter@320fc4b0, org.springframework.security.web.authentication.UsernamePasswordAuthenticationFilter@5690c2a8, org.springframework.security.web.savedrequest.RequestCacheAwareFilter@7112fa5, org.springframework.security.web.servletapi.SecurityContextHolderAwareRequestFilter@342dc040, org.springframework.security.web.authentication.AnonymousAuthenticationFilter@446a5aa5, org.springframework.security.web.session.SessionManagementFilter@671f545b, org.springframework.security.web.access.ExceptionTranslationFilter@1bde9a22, org.springframework.security.web.access.intercept.AuthorizationFilter@694b1ddb]
2024-03-14 15:04:33.399  INFO 12064 --- [main] (system) o.s.a.r.c.CachingConnectionFactory       : Attempting to connect to: [192.168.137.129:5672]
2024-03-14 15:04:33.467  INFO 12064 --- [main] (system) o.s.a.r.c.CachingConnectionFactory       : Created new connection: rabbitConnectionFactory#4df0d9f8:0/SimpleConnection@b889cb6 [delegate=amqp://admin@192.168.137.129:5672//campus, localPort=50638]
2024-03-14 15:04:33.480  INFO 12064 --- [main] (system) o.s.amqp.rabbit.core.RabbitAdmin         : Auto-declaring a non-durable, auto-delete, or exclusive Queue (email-campus) durable:false, auto-delete:false, exclusive:false. It will be redeclared if the broker stops and is restarted while the connection factory is alive, but all messages will be lost.
2024-03-14 15:04:33.553  INFO 12064 --- [main] (system) o.c.backend.BackendApplicationTests      : Started BackendApplicationTests in 5.806 seconds (process running for 7.173)
2024-03-14 15:04:34.885  INFO 12064 --- [org.springframework.amqp.rabbit.RabbitListenerEndpointContainer#0-2] (system) o.s.a.r.l.SimpleMessageListenerContainer : Waiting for workers to finish.
2024-03-14 15:04:35.554  INFO 12064 --- [org.springframework.amqp.rabbit.RabbitListenerEndpointContainer#0-2] (system) o.s.a.r.l.SimpleMessageListenerContainer : Successfully waited for workers to finish.
2024-03-14 15:07:15.811  INFO 5008 --- [main] (system) o.c.backend.BackendApplicationTests      : Starting BackendApplicationTests using Java 17.0.9 with PID 5008 (started by ChangxueDeng in C:\Users\ChangxueDeng\Code\Java\Projects\CampusForum\backend)
2024-03-14 15:07:15.814  INFO 5008 --- [main] (system) o.c.backend.BackendApplicationTests      : The following 1 profile is active: "dev"
2024-03-14 15:07:17.254  INFO 5008 --- [main] (system) .s.d.r.c.RepositoryConfigurationDelegate : Multiple Spring Data modules found, entering strict repository configuration mode
2024-03-14 15:07:17.258  INFO 5008 --- [main] (system) .s.d.r.c.RepositoryConfigurationDelegate : Bootstrapping Spring Data Redis repositories in DEFAULT mode.
2024-03-14 15:07:17.310  INFO 5008 --- [main] (system) .s.d.r.c.RepositoryConfigurationDelegate : Finished Spring Data repository scanning in 21 ms. Found 0 Redis repository interfaces.
2024-03-14 15:07:20.024  INFO 5008 --- [main] (system) o.s.s.web.DefaultSecurityFilterChain     : Will secure any request with [org.springframework.security.web.session.DisableEncodeUrlFilter@3ddac0b6, org.springframework.security.web.context.request.async.WebAsyncManagerIntegrationFilter@446a5aa5, org.springframework.security.web.context.SecurityContextHolderFilter@7112fa5, org.springframework.security.web.header.HeaderWriterFilter@671f545b, org.springframework.web.filter.CorsFilter@628bcf2c, org.springframework.security.web.authentication.logout.LogoutFilter@25435731, org.springframework.security.web.authentication.UsernamePasswordAuthenticationFilter@4d2bc56a, org.springframework.security.web.savedrequest.RequestCacheAwareFilter@3a8ead9, org.springframework.security.web.servletapi.SecurityContextHolderAwareRequestFilter@281ca256, org.springframework.security.web.authentication.AnonymousAuthenticationFilter@4b76251c, org.springframework.security.web.session.SessionManagementFilter@75c8d8e7, org.springframework.security.web.access.ExceptionTranslationFilter@74a03bd5, org.springframework.security.web.access.intercept.AuthorizationFilter@17e2835c]
2024-03-14 15:07:20.766  INFO 5008 --- [main] (system) o.s.a.r.c.CachingConnectionFactory       : Attempting to connect to: [192.168.137.129:5672]
2024-03-14 15:07:20.848  INFO 5008 --- [main] (system) o.s.a.r.c.CachingConnectionFactory       : Created new connection: rabbitConnectionFactory#4f7bb8df:0/SimpleConnection@54c37dab [delegate=amqp://admin@192.168.137.129:5672//campus, localPort=50768]
2024-03-14 15:07:20.862  INFO 5008 --- [main] (system) o.s.amqp.rabbit.core.RabbitAdmin         : Auto-declaring a non-durable, auto-delete, or exclusive Queue (email-campus) durable:false, auto-delete:false, exclusive:false. It will be redeclared if the broker stops and is restarted while the connection factory is alive, but all messages will be lost.
2024-03-14 15:07:20.944  INFO 5008 --- [main] (system) o.c.backend.BackendApplicationTests      : Started BackendApplicationTests in 5.76 seconds (process running for 7.711)
2024-03-14 15:07:22.295  INFO 5008 --- [org.springframework.amqp.rabbit.RabbitListenerEndpointContainer#0-2] (system) o.s.a.r.l.SimpleMessageListenerContainer : Waiting for workers to finish.
2024-03-14 15:07:22.957  INFO 5008 --- [org.springframework.amqp.rabbit.RabbitListenerEndpointContainer#0-2] (system) o.s.a.r.l.SimpleMessageListenerContainer : Successfully waited for workers to finish.
