2024-03-11 21:44:52.267  INFO 12192 --- [main] (system) o.c.backend.BackendApplicationTests      : Starting BackendApplicationTests using Java 17.0.9 with PID 12192 (started by ChangxueDeng in C:\Users\ChangxueDeng\Code\Java\Projects\CampusForum\backend)
2024-03-11 21:44:52.268  INFO 12192 --- [main] (system) o.c.backend.BackendApplicationTests      : The following 1 profile is active: "dev"
2024-03-11 21:44:53.304  INFO 12192 --- [main] (system) .s.d.r.c.RepositoryConfigurationDelegate : Multiple Spring Data modules found, entering strict repository configuration mode
2024-03-11 21:44:53.307  INFO 12192 --- [main] (system) .s.d.r.c.RepositoryConfigurationDelegate : Bootstrapping Spring Data Redis repositories in DEFAULT mode.
2024-03-11 21:44:53.342  INFO 12192 --- [main] (system) .s.d.r.c.RepositoryConfigurationDelegate : Finished Spring Data repository scanning in 13 ms. Found 0 Redis repository interfaces.
2024-03-11 21:44:55.397  INFO 12192 --- [main] (system) o.s.s.web.DefaultSecurityFilterChain     : Will secure any request with [org.springframework.security.web.session.DisableEncodeUrlFilter@4b76251c, org.springframework.security.web.context.request.async.WebAsyncManagerIntegrationFilter@20c283b4, org.springframework.security.web.context.SecurityContextHolderFilter@281ca256, org.springframework.security.web.header.HeaderWriterFilter@3c68e82, org.springframework.web.filter.CorsFilter@366b4a7b, org.springframework.security.web.authentication.logout.LogoutFilter@5ef591af, org.springframework.security.web.authentication.UsernamePasswordAuthenticationFilter@2f112ade, org.springframework.security.web.savedrequest.RequestCacheAwareFilter@7c8b37a8, org.springframework.security.web.servletapi.SecurityContextHolderAwareRequestFilter@3831f4c2, org.springframework.security.web.authentication.AnonymousAuthenticationFilter@a251135, org.springframework.security.web.session.SessionManagementFilter@7112fa5, org.springframework.security.web.access.ExceptionTranslationFilter@c335b9, org.springframework.security.web.access.intercept.AuthorizationFilter@2c6aa46c]
2024-03-11 21:44:55.990  INFO 12192 --- [main] (system) o.s.a.r.c.CachingConnectionFactory       : Attempting to connect to: [192.168.137.129:5672]
2024-03-11 21:44:56.049  INFO 12192 --- [main] (system) o.s.a.r.c.CachingConnectionFactory       : Created new connection: rabbitConnectionFactory#c5a2d5:0/SimpleConnection@25d9298e [delegate=amqp://admin@192.168.137.129:5672//campus, localPort=52018]
2024-03-11 21:44:56.057  INFO 12192 --- [main] (system) o.s.amqp.rabbit.core.RabbitAdmin         : Auto-declaring a non-durable, auto-delete, or exclusive Queue (email-campus) durable:false, auto-delete:false, exclusive:false. It will be redeclared if the broker stops and is restarted while the connection factory is alive, but all messages will be lost.
2024-03-11 21:44:56.123  INFO 12192 --- [main] (system) o.c.backend.BackendApplicationTests      : Started BackendApplicationTests in 4.215 seconds (process running for 5.227)
2024-03-11 21:44:56.910  INFO 12192 --- [org.springframework.amqp.rabbit.RabbitListenerEndpointContainer#0-2] (system) o.s.a.r.l.SimpleMessageListenerContainer : Waiting for workers to finish.
2024-03-11 21:44:57.117  INFO 12192 --- [org.springframework.amqp.rabbit.RabbitListenerEndpointContainer#0-2] (system) o.s.a.r.l.SimpleMessageListenerContainer : Successfully waited for workers to finish.
2024-03-11 21:45:18.886  INFO 6348 --- [main] (system) o.c.backend.BackendApplicationTests      : Starting BackendApplicationTests using Java 17.0.9 with PID 6348 (started by ChangxueDeng in C:\Users\ChangxueDeng\Code\Java\Projects\CampusForum\backend)
2024-03-11 21:45:18.887  INFO 6348 --- [main] (system) o.c.backend.BackendApplicationTests      : The following 1 profile is active: "dev"
2024-03-11 21:45:19.903  INFO 6348 --- [main] (system) .s.d.r.c.RepositoryConfigurationDelegate : Multiple Spring Data modules found, entering strict repository configuration mode
2024-03-11 21:45:19.906  INFO 6348 --- [main] (system) .s.d.r.c.RepositoryConfigurationDelegate : Bootstrapping Spring Data Redis repositories in DEFAULT mode.
2024-03-11 21:45:19.941  INFO 6348 --- [main] (system) .s.d.r.c.RepositoryConfigurationDelegate : Finished Spring Data repository scanning in 14 ms. Found 0 Redis repository interfaces.
2024-03-11 21:45:21.966  INFO 6348 --- [main] (system) o.s.s.web.DefaultSecurityFilterChain     : Will secure any request with [org.springframework.security.web.session.DisableEncodeUrlFilter@20c283b4, org.springframework.security.web.context.request.async.WebAsyncManagerIntegrationFilter@366b4a7b, org.springframework.security.web.context.SecurityContextHolderFilter@26feccf7, org.springframework.security.web.header.HeaderWriterFilter@1e66bf2d, org.springframework.web.filter.CorsFilter@a251135, org.springframework.security.web.authentication.logout.LogoutFilter@61b0af9f, org.springframework.security.web.authentication.UsernamePasswordAuthenticationFilter@3c82bac3, org.springframework.security.web.savedrequest.RequestCacheAwareFilter@3831f4c2, org.springframework.security.web.servletapi.SecurityContextHolderAwareRequestFilter@75f2ff80, org.springframework.security.web.authentication.AnonymousAuthenticationFilter@70819ba8, org.springframework.security.web.session.SessionManagementFilter@342dc040, org.springframework.security.web.access.ExceptionTranslationFilter@75c8d8e7, org.springframework.security.web.access.intercept.AuthorizationFilter@2f112ade]
2024-03-11 21:45:22.548  INFO 6348 --- [main] (system) o.s.a.r.c.CachingConnectionFactory       : Attempting to connect to: [192.168.137.129:5672]
2024-03-11 21:45:22.602  INFO 6348 --- [main] (system) o.s.a.r.c.CachingConnectionFactory       : Created new connection: rabbitConnectionFactory#185339ed:0/SimpleConnection@6ab826bb [delegate=amqp://admin@192.168.137.129:5672//campus, localPort=52025]
2024-03-11 21:45:22.612  INFO 6348 --- [main] (system) o.s.amqp.rabbit.core.RabbitAdmin         : Auto-declaring a non-durable, auto-delete, or exclusive Queue (email-campus) durable:false, auto-delete:false, exclusive:false. It will be redeclared if the broker stops and is restarted while the connection factory is alive, but all messages will be lost.
2024-03-11 21:45:22.670  INFO 6348 --- [main] (system) o.c.backend.BackendApplicationTests      : Started BackendApplicationTests in 4.159 seconds (process running for 5.12)
2024-03-11 21:45:23.513  INFO 6348 --- [org.springframework.amqp.rabbit.RabbitListenerEndpointContainer#0-2] (system) o.s.a.r.l.SimpleMessageListenerContainer : Waiting for workers to finish.
2024-03-11 21:45:23.666  INFO 6348 --- [org.springframework.amqp.rabbit.RabbitListenerEndpointContainer#0-2] (system) o.s.a.r.l.SimpleMessageListenerContainer : Successfully waited for workers to finish.
2024-03-11 21:46:40.430  INFO 2304 --- [main] (system) o.c.backend.BackendApplicationTests      : Starting BackendApplicationTests using Java 17.0.9 with PID 2304 (started by ChangxueDeng in C:\Users\ChangxueDeng\Code\Java\Projects\CampusForum\backend)
2024-03-11 21:46:40.431  INFO 2304 --- [main] (system) o.c.backend.BackendApplicationTests      : The following 1 profile is active: "dev"
2024-03-11 21:46:41.523  INFO 2304 --- [main] (system) .s.d.r.c.RepositoryConfigurationDelegate : Multiple Spring Data modules found, entering strict repository configuration mode
2024-03-11 21:46:41.525  INFO 2304 --- [main] (system) .s.d.r.c.RepositoryConfigurationDelegate : Bootstrapping Spring Data Redis repositories in DEFAULT mode.
2024-03-11 21:46:41.554  INFO 2304 --- [main] (system) .s.d.r.c.RepositoryConfigurationDelegate : Finished Spring Data repository scanning in 12 ms. Found 0 Redis repository interfaces.
2024-03-11 21:46:43.719  INFO 2304 --- [main] (system) o.s.s.web.DefaultSecurityFilterChain     : Will secure any request with [org.springframework.security.web.session.DisableEncodeUrlFilter@dd07be8, org.springframework.security.web.context.request.async.WebAsyncManagerIntegrationFilter@7b8fcdf2, org.springframework.security.web.context.SecurityContextHolderFilter@11ee671f, org.springframework.security.web.header.HeaderWriterFilter@5bba9949, org.springframework.web.filter.CorsFilter@54d2f5d3, org.springframework.security.web.authentication.logout.LogoutFilter@3093b9ff, org.springframework.security.web.authentication.UsernamePasswordAuthenticationFilter@33765d22, org.springframework.security.web.savedrequest.RequestCacheAwareFilter@57df09a7, org.springframework.security.web.servletapi.SecurityContextHolderAwareRequestFilter@6aa9a93b, org.springframework.security.web.authentication.AnonymousAuthenticationFilter@c29b0dc, org.springframework.security.web.session.SessionManagementFilter@744fb110, org.springframework.security.web.access.ExceptionTranslationFilter@49353d43, org.springframework.security.web.access.intercept.AuthorizationFilter@17dbca0a]
2024-03-11 21:46:44.288  INFO 2304 --- [main] (system) o.s.a.r.c.CachingConnectionFactory       : Attempting to connect to: [192.168.137.129:5672]
2024-03-11 21:46:44.343  INFO 2304 --- [main] (system) o.s.a.r.c.CachingConnectionFactory       : Created new connection: rabbitConnectionFactory#79d14037:0/SimpleConnection@2d117280 [delegate=amqp://admin@192.168.137.129:5672//campus, localPort=52062]
2024-03-11 21:46:44.352  INFO 2304 --- [main] (system) o.s.amqp.rabbit.core.RabbitAdmin         : Auto-declaring a non-durable, auto-delete, or exclusive Queue (email-campus) durable:false, auto-delete:false, exclusive:false. It will be redeclared if the broker stops and is restarted while the connection factory is alive, but all messages will be lost.
2024-03-11 21:46:44.406  INFO 2304 --- [main] (system) o.c.backend.BackendApplicationTests      : Started BackendApplicationTests in 4.379 seconds (process running for 5.354)
2024-03-11 21:46:45.129  INFO 2304 --- [org.springframework.amqp.rabbit.RabbitListenerEndpointContainer#0-2] (system) o.s.a.r.l.SimpleMessageListenerContainer : Waiting for workers to finish.
2024-03-11 21:46:45.407  INFO 2304 --- [org.springframework.amqp.rabbit.RabbitListenerEndpointContainer#0-2] (system) o.s.a.r.l.SimpleMessageListenerContainer : Successfully waited for workers to finish.
2024-03-11 21:47:27.410  INFO 14300 --- [main] (system) o.c.backend.BackendApplicationTests      : Starting BackendApplicationTests using Java 17.0.9 with PID 14300 (started by ChangxueDeng in C:\Users\ChangxueDeng\Code\Java\Projects\CampusForum\backend)
2024-03-11 21:47:27.412  INFO 14300 --- [main] (system) o.c.backend.BackendApplicationTests      : The following 1 profile is active: "dev"
2024-03-11 21:47:28.351  INFO 14300 --- [main] (system) .s.d.r.c.RepositoryConfigurationDelegate : Multiple Spring Data modules found, entering strict repository configuration mode
2024-03-11 21:47:28.355  INFO 14300 --- [main] (system) .s.d.r.c.RepositoryConfigurationDelegate : Bootstrapping Spring Data Redis repositories in DEFAULT mode.
2024-03-11 21:47:28.389  INFO 14300 --- [main] (system) .s.d.r.c.RepositoryConfigurationDelegate : Finished Spring Data repository scanning in 13 ms. Found 0 Redis repository interfaces.
2024-03-11 21:47:30.241  INFO 14300 --- [main] (system) o.s.s.web.DefaultSecurityFilterChain     : Will secure any request with [org.springframework.security.web.session.DisableEncodeUrlFilter@2d3eb1ea, org.springframework.security.web.context.request.async.WebAsyncManagerIntegrationFilter@78508e6b, org.springframework.security.web.context.SecurityContextHolderFilter@21ce2e4d, org.springframework.security.web.header.HeaderWriterFilter@81dfdee, org.springframework.web.filter.CorsFilter@1bde9a22, org.springframework.security.web.authentication.logout.LogoutFilter@5487a8f1, org.springframework.security.web.authentication.UsernamePasswordAuthenticationFilter@228958a, org.springframework.security.web.savedrequest.RequestCacheAwareFilter@3a239dac, org.springframework.security.web.servletapi.SecurityContextHolderAwareRequestFilter@759f45f1, org.springframework.security.web.authentication.AnonymousAuthenticationFilter@2cc97e47, org.springframework.security.web.session.SessionManagementFilter@3b046e64, org.springframework.security.web.access.ExceptionTranslationFilter@57df09a7, org.springframework.security.web.access.intercept.AuthorizationFilter@c29b0dc]
2024-03-11 21:47:30.749  INFO 14300 --- [main] (system) o.s.a.r.c.CachingConnectionFactory       : Attempting to connect to: [192.168.137.129:5672]
2024-03-11 21:47:30.802  INFO 14300 --- [main] (system) o.s.a.r.c.CachingConnectionFactory       : Created new connection: rabbitConnectionFactory#151a6598:0/SimpleConnection@39a2e77d [delegate=amqp://admin@192.168.137.129:5672//campus, localPort=52083]
2024-03-11 21:47:30.811  INFO 14300 --- [main] (system) o.s.amqp.rabbit.core.RabbitAdmin         : Auto-declaring a non-durable, auto-delete, or exclusive Queue (email-campus) durable:false, auto-delete:false, exclusive:false. It will be redeclared if the broker stops and is restarted while the connection factory is alive, but all messages will be lost.
2024-03-11 21:47:30.864  INFO 14300 --- [main] (system) o.c.backend.BackendApplicationTests      : Started BackendApplicationTests in 3.813 seconds (process running for 4.781)
2024-03-11 21:47:31.638  INFO 14300 --- [org.springframework.amqp.rabbit.RabbitListenerEndpointContainer#0-2] (system) o.s.a.r.l.SimpleMessageListenerContainer : Waiting for workers to finish.
2024-03-11 21:47:31.857  INFO 14300 --- [org.springframework.amqp.rabbit.RabbitListenerEndpointContainer#0-2] (system) o.s.a.r.l.SimpleMessageListenerContainer : Successfully waited for workers to finish.
2024-03-11 21:48:17.003  INFO 12916 --- [main] (system) o.c.backend.BackendApplicationTests      : Starting BackendApplicationTests using Java 17.0.9 with PID 12916 (started by ChangxueDeng in C:\Users\ChangxueDeng\Code\Java\Projects\CampusForum\backend)
2024-03-11 21:48:17.004  INFO 12916 --- [main] (system) o.c.backend.BackendApplicationTests      : The following 1 profile is active: "dev"
2024-03-11 21:48:17.869  INFO 12916 --- [main] (system) .s.d.r.c.RepositoryConfigurationDelegate : Multiple Spring Data modules found, entering strict repository configuration mode
2024-03-11 21:48:17.872  INFO 12916 --- [main] (system) .s.d.r.c.RepositoryConfigurationDelegate : Bootstrapping Spring Data Redis repositories in DEFAULT mode.
2024-03-11 21:48:17.902  INFO 12916 --- [main] (system) .s.d.r.c.RepositoryConfigurationDelegate : Finished Spring Data repository scanning in 11 ms. Found 0 Redis repository interfaces.
2024-03-11 21:48:19.849  INFO 12916 --- [main] (system) o.s.s.web.DefaultSecurityFilterChain     : Will secure any request with [org.springframework.security.web.session.DisableEncodeUrlFilter@3e5c7588, org.springframework.security.web.context.request.async.WebAsyncManagerIntegrationFilter@5b2ff4df, org.springframework.security.web.context.SecurityContextHolderFilter@2337bf27, org.springframework.security.web.header.HeaderWriterFilter@186d6033, org.springframework.web.filter.CorsFilter@23dff243, org.springframework.security.web.authentication.logout.LogoutFilter@759f45f1, org.springframework.security.web.authentication.UsernamePasswordAuthenticationFilter@f439e0f, org.springframework.security.web.savedrequest.RequestCacheAwareFilter@43719e98, org.springframework.security.web.servletapi.SecurityContextHolderAwareRequestFilter@49353d43, org.springframework.security.web.authentication.AnonymousAuthenticationFilter@4af606e9, org.springframework.security.web.session.SessionManagementFilter@69419d59, org.springframework.security.web.access.ExceptionTranslationFilter@652a1a17, org.springframework.security.web.access.intercept.AuthorizationFilter@72bce309]
2024-03-11 21:48:20.509  INFO 12916 --- [main] (system) o.s.a.r.c.CachingConnectionFactory       : Attempting to connect to: [192.168.137.129:5672]
2024-03-11 21:48:20.557  INFO 12916 --- [main] (system) o.s.a.r.c.CachingConnectionFactory       : Created new connection: rabbitConnectionFactory#46994f26:0/SimpleConnection@4b9dc62f [delegate=amqp://admin@192.168.137.129:5672//campus, localPort=52093]
2024-03-11 21:48:20.567  INFO 12916 --- [main] (system) o.s.amqp.rabbit.core.RabbitAdmin         : Auto-declaring a non-durable, auto-delete, or exclusive Queue (email-campus) durable:false, auto-delete:false, exclusive:false. It will be redeclared if the broker stops and is restarted while the connection factory is alive, but all messages will be lost.
2024-03-11 21:48:20.627  INFO 12916 --- [main] (system) o.c.backend.BackendApplicationTests      : Started BackendApplicationTests in 3.974 seconds (process running for 4.909)
2024-03-11 21:48:21.568  INFO 12916 --- [org.springframework.amqp.rabbit.RabbitListenerEndpointContainer#0-2] (system) o.s.a.r.l.SimpleMessageListenerContainer : Waiting for workers to finish.
2024-03-11 21:48:21.616  INFO 12916 --- [org.springframework.amqp.rabbit.RabbitListenerEndpointContainer#0-2] (system) o.s.a.r.l.SimpleMessageListenerContainer : Successfully waited for workers to finish.
2024-03-11 21:48:56.562  INFO 6740 --- [main] (system) o.c.backend.BackendApplicationTests      : Starting BackendApplicationTests using Java 17.0.9 with PID 6740 (started by ChangxueDeng in C:\Users\ChangxueDeng\Code\Java\Projects\CampusForum\backend)
2024-03-11 21:48:56.563  INFO 6740 --- [main] (system) o.c.backend.BackendApplicationTests      : The following 1 profile is active: "dev"
2024-03-11 21:48:57.526  INFO 6740 --- [main] (system) .s.d.r.c.RepositoryConfigurationDelegate : Multiple Spring Data modules found, entering strict repository configuration mode
2024-03-11 21:48:57.529  INFO 6740 --- [main] (system) .s.d.r.c.RepositoryConfigurationDelegate : Bootstrapping Spring Data Redis repositories in DEFAULT mode.
2024-03-11 21:48:57.560  INFO 6740 --- [main] (system) .s.d.r.c.RepositoryConfigurationDelegate : Finished Spring Data repository scanning in 13 ms. Found 0 Redis repository interfaces.
2024-03-11 21:48:59.497  INFO 6740 --- [main] (system) o.s.s.web.DefaultSecurityFilterChain     : Will secure any request with [org.springframework.security.web.session.DisableEncodeUrlFilter@61b0af9f, org.springframework.security.web.context.request.async.WebAsyncManagerIntegrationFilter@71fb1da3, org.springframework.security.web.context.SecurityContextHolderFilter@228958a, org.springframework.security.web.header.HeaderWriterFilter@5d00b469, org.springframework.web.filter.CorsFilter@1ecec098, org.springframework.security.web.authentication.logout.LogoutFilter@3831f4c2, org.springframework.security.web.authentication.UsernamePasswordAuthenticationFilter@10724a72, org.springframework.security.web.savedrequest.RequestCacheAwareFilter@44f23927, org.springframework.security.web.servletapi.SecurityContextHolderAwareRequestFilter@59cde35, org.springframework.security.web.authentication.AnonymousAuthenticationFilter@6cc44207, org.springframework.security.web.session.SessionManagementFilter@7b8fcdf2, org.springframework.security.web.access.ExceptionTranslationFilter@155c7eae, org.springframework.security.web.access.intercept.AuthorizationFilter@320fc4b0]
2024-03-11 21:49:00.295  INFO 6740 --- [main] (system) o.s.a.r.c.CachingConnectionFactory       : Attempting to connect to: [192.168.137.129:5672]
2024-03-11 21:49:00.364  INFO 6740 --- [main] (system) o.s.a.r.c.CachingConnectionFactory       : Created new connection: rabbitConnectionFactory#6c1e40d9:0/SimpleConnection@7aaf6bfd [delegate=amqp://admin@192.168.137.129:5672//campus, localPort=52128]
2024-03-11 21:49:00.372  INFO 6740 --- [main] (system) o.s.amqp.rabbit.core.RabbitAdmin         : Auto-declaring a non-durable, auto-delete, or exclusive Queue (email-campus) durable:false, auto-delete:false, exclusive:false. It will be redeclared if the broker stops and is restarted while the connection factory is alive, but all messages will be lost.
2024-03-11 21:49:00.471  INFO 6740 --- [main] (system) o.c.backend.BackendApplicationTests      : Started BackendApplicationTests in 4.277 seconds (process running for 5.303)
2024-03-11 21:49:01.800  INFO 6740 --- [org.springframework.amqp.rabbit.RabbitListenerEndpointContainer#0-2] (system) o.s.a.r.l.SimpleMessageListenerContainer : Waiting for workers to finish.
2024-03-11 21:49:02.458  INFO 6740 --- [org.springframework.amqp.rabbit.RabbitListenerEndpointContainer#0-2] (system) o.s.a.r.l.SimpleMessageListenerContainer : Successfully waited for workers to finish.
2024-03-11 21:49:14.540  INFO 5876 --- [main] (system) o.c.backend.BackendApplicationTests      : Starting BackendApplicationTests using Java 17.0.9 with PID 5876 (started by ChangxueDeng in C:\Users\ChangxueDeng\Code\Java\Projects\CampusForum\backend)
2024-03-11 21:49:14.541  INFO 5876 --- [main] (system) o.c.backend.BackendApplicationTests      : The following 1 profile is active: "dev"
2024-03-11 21:49:15.418  INFO 5876 --- [main] (system) .s.d.r.c.RepositoryConfigurationDelegate : Multiple Spring Data modules found, entering strict repository configuration mode
2024-03-11 21:49:15.423  INFO 5876 --- [main] (system) .s.d.r.c.RepositoryConfigurationDelegate : Bootstrapping Spring Data Redis repositories in DEFAULT mode.
2024-03-11 21:49:15.452  INFO 5876 --- [main] (system) .s.d.r.c.RepositoryConfigurationDelegate : Finished Spring Data repository scanning in 11 ms. Found 0 Redis repository interfaces.
2024-03-11 21:49:17.486  INFO 5876 --- [main] (system) o.s.s.web.DefaultSecurityFilterChain     : Will secure any request with [org.springframework.security.web.session.DisableEncodeUrlFilter@44de3b46, org.springframework.security.web.context.request.async.WebAsyncManagerIntegrationFilter@1a85e86e, org.springframework.security.web.context.SecurityContextHolderFilter@6f67ece5, org.springframework.security.web.header.HeaderWriterFilter@5b2ff4df, org.springframework.web.filter.CorsFilter@320fc4b0, org.springframework.security.web.authentication.logout.LogoutFilter@3c68e82, org.springframework.security.web.authentication.UsernamePasswordAuthenticationFilter@6a63ff31, org.springframework.security.web.savedrequest.RequestCacheAwareFilter@5c9e6d95, org.springframework.security.web.servletapi.SecurityContextHolderAwareRequestFilter@5d00b469, org.springframework.security.web.authentication.AnonymousAuthenticationFilter@10724a72, org.springframework.security.web.session.SessionManagementFilter@4af606e9, org.springframework.security.web.access.ExceptionTranslationFilter@5487a8f1, org.springframework.security.web.access.intercept.AuthorizationFilter@28c7fd9d]
2024-03-11 21:49:18.057  INFO 5876 --- [main] (system) o.s.a.r.c.CachingConnectionFactory       : Attempting to connect to: [192.168.137.129:5672]
2024-03-11 21:49:18.133  INFO 5876 --- [main] (system) o.s.a.r.c.CachingConnectionFactory       : Created new connection: rabbitConnectionFactory#7dddfc35:0/SimpleConnection@19855799 [delegate=amqp://admin@192.168.137.129:5672//campus, localPort=52141]
2024-03-11 21:49:18.150  INFO 5876 --- [main] (system) o.s.amqp.rabbit.core.RabbitAdmin         : Auto-declaring a non-durable, auto-delete, or exclusive Queue (email-campus) durable:false, auto-delete:false, exclusive:false. It will be redeclared if the broker stops and is restarted while the connection factory is alive, but all messages will be lost.
2024-03-11 21:49:18.210  INFO 5876 --- [main] (system) o.c.backend.BackendApplicationTests      : Started BackendApplicationTests in 4.035 seconds (process running for 5.049)
2024-03-11 21:49:18.967  INFO 5876 --- [org.springframework.amqp.rabbit.RabbitListenerEndpointContainer#0-2] (system) o.s.a.r.l.SimpleMessageListenerContainer : Waiting for workers to finish.
2024-03-11 21:49:19.206  INFO 5876 --- [org.springframework.amqp.rabbit.RabbitListenerEndpointContainer#0-2] (system) o.s.a.r.l.SimpleMessageListenerContainer : Successfully waited for workers to finish.
2024-03-11 21:52:23.878  INFO 2568 --- [main] (system) o.c.backend.BackendApplicationTests      : Starting BackendApplicationTests using Java 17.0.9 with PID 2568 (started by ChangxueDeng in C:\Users\ChangxueDeng\Code\Java\Projects\CampusForum\backend)
2024-03-11 21:52:23.879  INFO 2568 --- [main] (system) o.c.backend.BackendApplicationTests      : The following 1 profile is active: "dev"
2024-03-11 21:52:24.765  INFO 2568 --- [main] (system) .s.d.r.c.RepositoryConfigurationDelegate : Multiple Spring Data modules found, entering strict repository configuration mode
2024-03-11 21:52:24.767  INFO 2568 --- [main] (system) .s.d.r.c.RepositoryConfigurationDelegate : Bootstrapping Spring Data Redis repositories in DEFAULT mode.
2024-03-11 21:52:24.794  INFO 2568 --- [main] (system) .s.d.r.c.RepositoryConfigurationDelegate : Finished Spring Data repository scanning in 10 ms. Found 0 Redis repository interfaces.
2024-03-11 21:52:26.607  INFO 2568 --- [main] (system) o.s.s.web.DefaultSecurityFilterChain     : Will secure any request with [org.springframework.security.web.session.DisableEncodeUrlFilter@2f112ade, org.springframework.security.web.context.request.async.WebAsyncManagerIntegrationFilter@3c82bac3, org.springframework.security.web.context.SecurityContextHolderFilter@3c68e82, org.springframework.security.web.header.HeaderWriterFilter@74a03bd5, org.springframework.web.filter.CorsFilter@3ddac0b6, org.springframework.security.web.authentication.logout.LogoutFilter@320fc4b0, org.springframework.security.web.authentication.UsernamePasswordAuthenticationFilter@5690c2a8, org.springframework.security.web.savedrequest.RequestCacheAwareFilter@7112fa5, org.springframework.security.web.servletapi.SecurityContextHolderAwareRequestFilter@342dc040, org.springframework.security.web.authentication.AnonymousAuthenticationFilter@446a5aa5, org.springframework.security.web.session.SessionManagementFilter@671f545b, org.springframework.security.web.access.ExceptionTranslationFilter@1bde9a22, org.springframework.security.web.access.intercept.AuthorizationFilter@694b1ddb]
2024-03-11 21:52:27.116  INFO 2568 --- [main] (system) o.s.a.r.c.CachingConnectionFactory       : Attempting to connect to: [192.168.137.129:5672]
2024-03-11 21:52:27.167  INFO 2568 --- [main] (system) o.s.a.r.c.CachingConnectionFactory       : Created new connection: rabbitConnectionFactory#47c81e89:0/SimpleConnection@b889cb6 [delegate=amqp://admin@192.168.137.129:5672//campus, localPort=52178]
2024-03-11 21:52:27.178  INFO 2568 --- [main] (system) o.s.amqp.rabbit.core.RabbitAdmin         : Auto-declaring a non-durable, auto-delete, or exclusive Queue (email-campus) durable:false, auto-delete:false, exclusive:false. It will be redeclared if the broker stops and is restarted while the connection factory is alive, but all messages will be lost.
2024-03-11 21:52:27.237  INFO 2568 --- [main] (system) o.c.backend.BackendApplicationTests      : Started BackendApplicationTests in 3.721 seconds (process running for 4.707)
2024-03-11 21:52:28.004  INFO 2568 --- [org.springframework.amqp.rabbit.RabbitListenerEndpointContainer#0-2] (system) o.s.a.r.l.SimpleMessageListenerContainer : Waiting for workers to finish.
2024-03-11 21:52:28.241  INFO 2568 --- [org.springframework.amqp.rabbit.RabbitListenerEndpointContainer#0-2] (system) o.s.a.r.l.SimpleMessageListenerContainer : Successfully waited for workers to finish.
2024-03-11 21:53:17.519  INFO 4816 --- [main] (system) o.c.backend.BackendApplicationTests      : Starting BackendApplicationTests using Java 17.0.9 with PID 4816 (started by ChangxueDeng in C:\Users\ChangxueDeng\Code\Java\Projects\CampusForum\backend)
2024-03-11 21:53:17.520  INFO 4816 --- [main] (system) o.c.backend.BackendApplicationTests      : The following 1 profile is active: "dev"
2024-03-11 21:53:18.431  INFO 4816 --- [main] (system) .s.d.r.c.RepositoryConfigurationDelegate : Multiple Spring Data modules found, entering strict repository configuration mode
2024-03-11 21:53:18.435  INFO 4816 --- [main] (system) .s.d.r.c.RepositoryConfigurationDelegate : Bootstrapping Spring Data Redis repositories in DEFAULT mode.
2024-03-11 21:53:18.466  INFO 4816 --- [main] (system) .s.d.r.c.RepositoryConfigurationDelegate : Finished Spring Data repository scanning in 12 ms. Found 0 Redis repository interfaces.
2024-03-11 21:53:20.301  INFO 4816 --- [main] (system) o.s.s.web.DefaultSecurityFilterChain     : Will secure any request with [org.springframework.security.web.session.DisableEncodeUrlFilter@10724a72, org.springframework.security.web.context.request.async.WebAsyncManagerIntegrationFilter@25435731, org.springframework.security.web.context.SecurityContextHolderFilter@5d00b469, org.springframework.security.web.header.HeaderWriterFilter@17dbca0a, org.springframework.web.filter.CorsFilter@10301d6f, org.springframework.security.web.authentication.logout.LogoutFilter@342dc040, org.springframework.security.web.authentication.UsernamePasswordAuthenticationFilter@788a0513, org.springframework.security.web.savedrequest.RequestCacheAwareFilter@7b8fcdf2, org.springframework.security.web.servletapi.SecurityContextHolderAwareRequestFilter@54d2f5d3, org.springframework.security.web.authentication.AnonymousAuthenticationFilter@5cd6719d, org.springframework.security.web.session.SessionManagementFilter@6f67ece5, org.springframework.security.web.access.ExceptionTranslationFilter@23dff243, org.springframework.security.web.access.intercept.AuthorizationFilter@6f36267d]
2024-03-11 21:53:20.800  INFO 4816 --- [main] (system) o.s.a.r.c.CachingConnectionFactory       : Attempting to connect to: [192.168.137.129:5672]
2024-03-11 21:53:20.849  INFO 4816 --- [main] (system) o.s.a.r.c.CachingConnectionFactory       : Created new connection: rabbitConnectionFactory#7c206b14:0/SimpleConnection@75db328e [delegate=amqp://admin@192.168.137.129:5672//campus, localPort=52193]
2024-03-11 21:53:20.856  INFO 4816 --- [main] (system) o.s.amqp.rabbit.core.RabbitAdmin         : Auto-declaring a non-durable, auto-delete, or exclusive Queue (email-campus) durable:false, auto-delete:false, exclusive:false. It will be redeclared if the broker stops and is restarted while the connection factory is alive, but all messages will be lost.
2024-03-11 21:53:20.909  INFO 4816 --- [main] (system) o.c.backend.BackendApplicationTests      : Started BackendApplicationTests in 3.772 seconds (process running for 4.842)
2024-03-11 21:53:21.636  INFO 4816 --- [org.springframework.amqp.rabbit.RabbitListenerEndpointContainer#0-2] (system) o.s.a.r.l.SimpleMessageListenerContainer : Waiting for workers to finish.
2024-03-11 21:53:21.907  INFO 4816 --- [org.springframework.amqp.rabbit.RabbitListenerEndpointContainer#0-2] (system) o.s.a.r.l.SimpleMessageListenerContainer : Successfully waited for workers to finish.
