2024-03-08 20:53:17.401  INFO 6808 --- [main] (system) o.c.backend.BackendApplicationTests      : Starting BackendApplicationTests using Java 17.0.9 with PID 6808 (started by ChangxueDeng in C:\Users\ChangxueDeng\Code\Java\Projects\CampusForum\backend)
2024-03-08 20:53:17.402  INFO 6808 --- [main] (system) o.c.backend.BackendApplicationTests      : The following 1 profile is active: "dev"
2024-03-08 20:53:18.267  INFO 6808 --- [main] (system) .s.d.r.c.RepositoryConfigurationDelegate : Multiple Spring Data modules found, entering strict repository configuration mode
2024-03-08 20:53:18.270  INFO 6808 --- [main] (system) .s.d.r.c.RepositoryConfigurationDelegate : Bootstrapping Spring Data Redis repositories in DEFAULT mode.
2024-03-08 20:53:18.305  INFO 6808 --- [main] (system) .s.d.r.c.RepositoryConfigurationDelegate : Finished Spring Data repository scanning in 10 ms. Found 0 Redis repository interfaces.
2024-03-08 20:53:18.423  WARN 6808 --- [main] (system) o.m.s.mapper.ClassPathMapperScanner      : No MyBatis mapper was found in '[org.campusforum.backend]' package. Please check your configuration.
2024-03-08 20:53:18.992  WARN 6808 --- [main] (system) .s.s.UserDetailsServiceAutoConfiguration : 

Using generated security password: 009d590f-4150-4c61-a431-97e16281b8ff

This generated password is for development use only. Your security configuration must be updated before running your application in production.

2024-03-08 20:53:19.383  INFO 6808 --- [main] (system) o.s.s.web.DefaultSecurityFilterChain     : Will secure any request with [org.springframework.security.web.session.DisableEncodeUrlFilter@606d6d2c, org.springframework.security.web.context.request.async.WebAsyncManagerIntegrationFilter@2e3cd732, org.springframework.security.web.context.SecurityContextHolderFilter@1209a0f, org.springframework.security.web.header.HeaderWriterFilter@595814a1, org.springframework.web.filter.CorsFilter@56d822dc, org.springframework.security.web.authentication.logout.LogoutFilter@5d27b4c1, org.springframework.security.web.authentication.UsernamePasswordAuthenticationFilter@12c76d6e, org.springframework.security.web.authentication.ui.DefaultLoginPageGeneratingFilter@714f1a44, org.springframework.security.web.authentication.ui.DefaultLogoutPageGeneratingFilter@2ab8589a, org.springframework.security.web.savedrequest.RequestCacheAwareFilter@66715ca9, org.springframework.security.web.servletapi.SecurityContextHolderAwareRequestFilter@577f9dfd, org.springframework.security.web.authentication.AnonymousAuthenticationFilter@21b744ec, org.springframework.security.web.session.SessionManagementFilter@49d42faf, org.springframework.security.web.access.ExceptionTranslationFilter@32b112a1, org.springframework.security.web.access.intercept.AuthorizationFilter@74707df8]
2024-03-08 20:53:20.687  INFO 6808 --- [main] (system) o.c.backend.BackendApplicationTests      : Started BackendApplicationTests in 3.682 seconds (process running for 4.732)
2024-03-08 20:54:06.614  INFO 2560 --- [main] (system) o.c.backend.BackendApplicationTests      : Starting BackendApplicationTests using Java 17.0.9 with PID 2560 (started by ChangxueDeng in C:\Users\ChangxueDeng\Code\Java\Projects\CampusForum\backend)
2024-03-08 20:54:06.616  INFO 2560 --- [main] (system) o.c.backend.BackendApplicationTests      : The following 1 profile is active: "dev"
2024-03-08 20:54:07.473  INFO 2560 --- [main] (system) .s.d.r.c.RepositoryConfigurationDelegate : Multiple Spring Data modules found, entering strict repository configuration mode
2024-03-08 20:54:07.477  INFO 2560 --- [main] (system) .s.d.r.c.RepositoryConfigurationDelegate : Bootstrapping Spring Data Redis repositories in DEFAULT mode.
2024-03-08 20:54:07.512  INFO 2560 --- [main] (system) .s.d.r.c.RepositoryConfigurationDelegate : Finished Spring Data repository scanning in 15 ms. Found 0 Redis repository interfaces.
2024-03-08 20:54:07.626  WARN 2560 --- [main] (system) o.m.s.mapper.ClassPathMapperScanner      : No MyBatis mapper was found in '[org.campusforum.backend]' package. Please check your configuration.
2024-03-08 20:54:08.143  WARN 2560 --- [main] (system) .s.s.UserDetailsServiceAutoConfiguration : 

Using generated security password: e3fef043-9ea5-49e8-b1d5-11c221909b9f

This generated password is for development use only. Your security configuration must be updated before running your application in production.

2024-03-08 20:54:08.512  INFO 2560 --- [main] (system) o.s.s.web.DefaultSecurityFilterChain     : Will secure any request with [org.springframework.security.web.session.DisableEncodeUrlFilter@7ea3839e, org.springframework.security.web.context.request.async.WebAsyncManagerIntegrationFilter@16b76858, org.springframework.security.web.context.SecurityContextHolderFilter@5c573229, org.springframework.security.web.header.HeaderWriterFilter@696174d3, org.springframework.web.filter.CorsFilter@d3cce46, org.springframework.security.web.authentication.logout.LogoutFilter@473847fb, org.springframework.security.web.authentication.UsernamePasswordAuthenticationFilter@2e3cd732, org.springframework.security.web.authentication.ui.DefaultLoginPageGeneratingFilter@39a7eca5, org.springframework.security.web.authentication.ui.DefaultLogoutPageGeneratingFilter@30eedaa4, org.springframework.security.web.savedrequest.RequestCacheAwareFilter@714f1a44, org.springframework.security.web.servletapi.SecurityContextHolderAwareRequestFilter@3c09a350, org.springframework.security.web.authentication.AnonymousAuthenticationFilter@52b30054, org.springframework.security.web.session.SessionManagementFilter@577f9dfd, org.springframework.security.web.access.ExceptionTranslationFilter@1214d23c, org.springframework.security.web.access.intercept.AuthorizationFilter@606d6d2c]
2024-03-08 20:54:09.624  INFO 2560 --- [main] (system) o.c.backend.BackendApplicationTests      : Started BackendApplicationTests in 3.383 seconds (process running for 4.366)
2024-03-08 20:54:36.320  INFO 11156 --- [main] (system) o.c.backend.BackendApplicationTests      : Starting BackendApplicationTests using Java 17.0.9 with PID 11156 (started by ChangxueDeng in C:\Users\ChangxueDeng\Code\Java\Projects\CampusForum\backend)
2024-03-08 20:54:36.321  INFO 11156 --- [main] (system) o.c.backend.BackendApplicationTests      : The following 1 profile is active: "dev"
2024-03-08 20:54:37.154  INFO 11156 --- [main] (system) .s.d.r.c.RepositoryConfigurationDelegate : Multiple Spring Data modules found, entering strict repository configuration mode
2024-03-08 20:54:37.157  INFO 11156 --- [main] (system) .s.d.r.c.RepositoryConfigurationDelegate : Bootstrapping Spring Data Redis repositories in DEFAULT mode.
2024-03-08 20:54:37.188  INFO 11156 --- [main] (system) .s.d.r.c.RepositoryConfigurationDelegate : Finished Spring Data repository scanning in 10 ms. Found 0 Redis repository interfaces.
2024-03-08 20:54:37.305  WARN 11156 --- [main] (system) o.m.s.mapper.ClassPathMapperScanner      : No MyBatis mapper was found in '[org.campusforum.backend]' package. Please check your configuration.
2024-03-08 20:54:37.848  WARN 11156 --- [main] (system) .s.s.UserDetailsServiceAutoConfiguration : 

Using generated security password: feac8ac5-9fdf-47a3-9019-659cb87ef848

This generated password is for development use only. Your security configuration must be updated before running your application in production.

2024-03-08 20:54:38.210  INFO 11156 --- [main] (system) o.s.s.web.DefaultSecurityFilterChain     : Will secure any request with [org.springframework.security.web.session.DisableEncodeUrlFilter@74707df8, org.springframework.security.web.context.request.async.WebAsyncManagerIntegrationFilter@12c76d6e, org.springframework.security.web.context.SecurityContextHolderFilter@41582899, org.springframework.security.web.header.HeaderWriterFilter@5c5c7cc4, org.springframework.web.filter.CorsFilter@46702c26, org.springframework.security.web.authentication.logout.LogoutFilter@25fd6d1e, org.springframework.security.web.authentication.UsernamePasswordAuthenticationFilter@467af68c, org.springframework.security.web.authentication.ui.DefaultLoginPageGeneratingFilter@66715ca9, org.springframework.security.web.authentication.ui.DefaultLogoutPageGeneratingFilter@7956f93a, org.springframework.security.web.savedrequest.RequestCacheAwareFilter@7de5871d, org.springframework.security.web.servletapi.SecurityContextHolderAwareRequestFilter@49d42faf, org.springframework.security.web.authentication.AnonymousAuthenticationFilter@e3ed455, org.springframework.security.web.session.SessionManagementFilter@56b9d43f, org.springframework.security.web.access.ExceptionTranslationFilter@34549979, org.springframework.security.web.access.intercept.AuthorizationFilter@2e1add6f]
2024-03-08 20:54:39.301  INFO 11156 --- [main] (system) o.c.backend.BackendApplicationTests      : Started BackendApplicationTests in 3.335 seconds (process running for 4.288)
2024-03-08 21:03:46.004  INFO 12472 --- [main] (system) o.c.backend.BackendApplicationTests      : Starting BackendApplicationTests using Java 17.0.9 with PID 12472 (started by ChangxueDeng in C:\Users\ChangxueDeng\Code\Java\Projects\CampusForum\backend)
2024-03-08 21:03:46.006  INFO 12472 --- [main] (system) o.c.backend.BackendApplicationTests      : The following 1 profile is active: "dev"
2024-03-08 21:03:46.826  INFO 12472 --- [main] (system) .s.d.r.c.RepositoryConfigurationDelegate : Multiple Spring Data modules found, entering strict repository configuration mode
2024-03-08 21:03:46.830  INFO 12472 --- [main] (system) .s.d.r.c.RepositoryConfigurationDelegate : Bootstrapping Spring Data Redis repositories in DEFAULT mode.
2024-03-08 21:03:46.859  INFO 12472 --- [main] (system) .s.d.r.c.RepositoryConfigurationDelegate : Finished Spring Data repository scanning in 11 ms. Found 0 Redis repository interfaces.
2024-03-08 21:03:46.983  WARN 12472 --- [main] (system) o.m.s.mapper.ClassPathMapperScanner      : No MyBatis mapper was found in '[org.campusforum.backend]' package. Please check your configuration.
2024-03-08 21:03:47.618  WARN 12472 --- [main] (system) .s.s.UserDetailsServiceAutoConfiguration : 

Using generated security password: aa1d00df-f33e-48a5-93ef-85eb75787e59

This generated password is for development use only. Your security configuration must be updated before running your application in production.

2024-03-08 21:03:47.980  INFO 12472 --- [main] (system) o.s.s.web.DefaultSecurityFilterChain     : Will secure any request with [org.springframework.security.web.session.DisableEncodeUrlFilter@382faf51, org.springframework.security.web.context.request.async.WebAsyncManagerIntegrationFilter@69ce14e6, org.springframework.security.web.context.SecurityContextHolderFilter@c11332b, org.springframework.security.web.header.HeaderWriterFilter@39a7eca5, org.springframework.web.filter.CorsFilter@699d96bc, org.springframework.security.web.authentication.logout.LogoutFilter@27bb74e1, org.springframework.security.web.authentication.UsernamePasswordAuthenticationFilter@18c820d2, org.springframework.security.web.authentication.ui.DefaultLoginPageGeneratingFilter@21f50d2c, org.springframework.security.web.authentication.ui.DefaultLogoutPageGeneratingFilter@b5de9ac, org.springframework.security.web.savedrequest.RequestCacheAwareFilter@3005623b, org.springframework.security.web.servletapi.SecurityContextHolderAwareRequestFilter@58aa5c94, org.springframework.security.web.authentication.AnonymousAuthenticationFilter@4ecd8ab1, org.springframework.security.web.session.SessionManagementFilter@156cfa20, org.springframework.security.web.access.ExceptionTranslationFilter@5c573229, org.springframework.security.web.access.intercept.AuthorizationFilter@52b32b70]
2024-03-08 21:03:49.084  INFO 12472 --- [main] (system) o.c.backend.BackendApplicationTests      : Started BackendApplicationTests in 3.438 seconds (process running for 4.439)
